2025-05-25T17:52:54.835+07:00  INFO 14936 --- [rating] [restartedMain] i.a.u.c.a.rating.RatingApplication       : Starting RatingApplication using Java 21.0.2 with PID 14936 (C:\Users\nisri\OneDrive\Documents\University\Adpro\rating\build\classes\java\main started by nisri in C:\Users\nisri\OneDrive\Documents\University\Adpro\rating)
2025-05-25T17:52:54.835+07:00  INFO 14936 --- [rating] [restartedMain] i.a.u.c.a.rating.RatingApplication       : No active profile set, falling back to 1 default profile: "default"
2025-05-25T17:52:55.229+07:00  INFO 8852 --- [rating] [restartedMain] i.a.u.c.a.rating.RatingApplication       : Starting RatingApplication using Java 21.0.2 with PID 8852 (C:\Users\nisri\OneDrive\Documents\University\Adpro\rating\build\classes\java\main started by nisri in C:\Users\nisri\OneDrive\Documents\University\Adpro\rating)
2025-05-25T17:52:55.234+07:00  INFO 8852 --- [rating] [restartedMain] i.a.u.c.a.rating.RatingApplication       : No active profile set, falling back to 1 default profile: "default"
2025-05-25T17:52:55.298+07:00  INFO 8852 --- [rating] [restartedMain] .e.DevToolsPropertyDefaultsPostProcessor : Devtools property defaults active! Set 'spring.devtools.add-properties' to 'false' to disable
2025-05-25T17:52:55.299+07:00  INFO 8852 --- [rating] [restartedMain] .e.DevToolsPropertyDefaultsPostProcessor : For additional web related logging consider setting the 'logging.level.web' property to 'DEBUG'
2025-05-25T17:52:55.552+07:00  INFO 14936 --- [rating] [restartedMain] .s.d.r.c.RepositoryConfigurationDelegate : Bootstrapping Spring Data JPA repositories in DEFAULT mode.
2025-05-25T17:52:55.573+07:00  INFO 14936 --- [rating] [restartedMain] .s.d.r.c.RepositoryConfigurationDelegate : Finished Spring Data repository scanning in 19 ms. Found 1 JPA repository interface.
2025-05-25T17:52:55.901+07:00  INFO 14936 --- [rating] [restartedMain] o.s.b.w.embedded.tomcat.TomcatWebServer  : Tomcat initialized with port 8083 (http)
2025-05-25T17:52:55.903+07:00  INFO 14936 --- [rating] [restartedMain] o.apache.catalina.core.StandardService   : Starting service [Tomcat]
2025-05-25T17:52:55.904+07:00  INFO 14936 --- [rating] [restartedMain] o.apache.catalina.core.StandardEngine    : Starting Servlet engine: [Apache Tomcat/10.1.39]
2025-05-25T17:52:55.937+07:00  INFO 14936 --- [rating] [restartedMain] o.a.c.c.C.[Tomcat].[localhost].[/]       : Initializing Spring embedded WebApplicationContext
2025-05-25T17:52:55.937+07:00  INFO 14936 --- [rating] [restartedMain] w.s.c.ServletWebServerApplicationContext : Root WebApplicationContext: initialization completed in 1098 ms
2025-05-25T17:52:56.186+07:00  INFO 14936 --- [rating] [restartedMain] o.hibernate.jpa.internal.util.LogHelper  : HHH000204: Processing PersistenceUnitInfo [name: default]
2025-05-25T17:52:56.192+07:00  INFO 14936 --- [rating] [restartedMain] o.h.c.internal.RegionFactoryInitiator    : HHH000026: Second-level cache disabled
2025-05-25T17:52:56.210+07:00  INFO 14936 --- [rating] [restartedMain] o.s.o.j.p.SpringPersistenceUnitInfo      : No LoadTimeWeaver setup: ignoring JPA class transformer
2025-05-25T17:52:56.212+07:00  INFO 14936 --- [rating] [restartedMain] com.zaxxer.hikari.HikariDataSource       : HikariPool-2 - Starting...
2025-05-25T17:52:56.286+07:00  INFO 14936 --- [rating] [restartedMain] com.zaxxer.hikari.pool.HikariPool        : HikariPool-2 - Added connection org.postgresql.jdbc.PgConnection@5f15fbed
2025-05-25T17:52:56.286+07:00  INFO 14936 --- [rating] [restartedMain] com.zaxxer.hikari.HikariDataSource       : HikariPool-2 - Start completed.
2025-05-25T17:52:56.296+07:00  WARN 14936 --- [rating] [restartedMain] org.hibernate.orm.deprecation            : HHH90000025: PostgreSQLDialect does not need to be specified explicitly using 'hibernate.dialect' (remove the property setting and it will be selected by default)
2025-05-25T17:52:56.297+07:00  INFO 14936 --- [rating] [restartedMain] org.hibernate.orm.connections.pooling    : HHH10001005: Database info:
	Database JDBC URL [Connecting through datasource 'HikariDataSource (HikariPool-2)']
	Database driver: undefined/unknown
	Database version: 17.4
	Autocommit mode: undefined/unknown
	Isolation level: undefined/unknown
	Minimum pool size: undefined/unknown
	Maximum pool size: undefined/unknown
2025-05-25T17:52:56.378+07:00  INFO 14936 --- [rating] [restartedMain] o.h.e.t.j.p.i.JtaPlatformInitiator       : HHH000489: No JTA platform available (set 'hibernate.transaction.jta.platform' to enable JTA platform integration)
2025-05-25T17:52:56.405+07:00  INFO 14936 --- [rating] [restartedMain] j.LocalContainerEntityManagerFactoryBean : Initialized JPA EntityManagerFactory for persistence unit 'default'
2025-05-25T17:52:56.620+07:00  WARN 14936 --- [rating] [restartedMain] JpaBaseConfiguration$JpaWebConfiguration : spring.jpa.open-in-view is enabled by default. Therefore, database queries may be performed during view rendering. Explicitly configure spring.jpa.open-in-view to disable this warning
2025-05-25T17:52:56.815+07:00  INFO 8852 --- [rating] [restartedMain] .s.d.r.c.RepositoryConfigurationDelegate : Bootstrapping Spring Data JPA repositories in DEFAULT mode.
2025-05-25T17:52:56.904+07:00  INFO 8852 --- [rating] [restartedMain] .s.d.r.c.RepositoryConfigurationDelegate : Finished Spring Data repository scanning in 75 ms. Found 1 JPA repository interface.
2025-05-25T17:52:57.017+07:00  INFO 14936 --- [rating] [restartedMain] o.s.b.a.e.web.EndpointLinksResolver      : Exposing 2 endpoints beneath base path '/actuator'
2025-05-25T17:52:57.403+07:00  INFO 14936 --- [rating] [restartedMain] o.s.b.a.h2.H2ConsoleAutoConfiguration    : H2 console available at '/h2-console'. Database available at 'jdbc:postgresql://localhost:5432/rating'
2025-05-25T17:52:57.489+07:00  INFO 14936 --- [rating] [restartedMain] o.s.b.d.a.OptionalLiveReloadServer       : LiveReload server is running on port 35729
2025-05-25T17:52:57.523+07:00  INFO 14936 --- [rating] [restartedMain] o.s.b.w.embedded.tomcat.TomcatWebServer  : Tomcat started on port 8083 (http) with context path '/'
2025-05-25T17:52:57.532+07:00  INFO 14936 --- [rating] [restartedMain] i.a.u.c.a.rating.RatingApplication       : Started RatingApplication in 2.773 seconds (process running for 1295.139)
2025-05-25T17:52:57.537+07:00  INFO 14936 --- [rating] [restartedMain] .ConditionEvaluationDeltaLoggingListener : Condition evaluation delta:


==========================
CONDITION EVALUATION DELTA
==========================


Positive matches:
-----------------

    None


Negative matches:
-----------------

   InfoEndpointAutoConfiguration:
      Did not match:
         - @ConditionalOnAvailableEndpoint not exposed (OnAvailableEndpointCondition)


Exclusions:
-----------

    None


Unconditional classes:
----------------------

    None



2025-05-25T17:52:58.030+07:00  INFO 8852 --- [rating] [restartedMain] o.s.b.w.embedded.tomcat.TomcatWebServer  : Tomcat initialized with port 8083 (http)
2025-05-25T17:52:58.050+07:00  INFO 8852 --- [rating] [restartedMain] o.apache.catalina.core.StandardService   : Starting service [Tomcat]
2025-05-25T17:52:58.050+07:00  INFO 8852 --- [rating] [restartedMain] o.apache.catalina.core.StandardEngine    : Starting Servlet engine: [Apache Tomcat/10.1.39]
2025-05-25T17:52:58.128+07:00  INFO 8852 --- [rating] [restartedMain] o.a.c.c.C.[Tomcat].[localhost].[/]       : Initializing Spring embedded WebApplicationContext
2025-05-25T17:52:58.128+07:00  INFO 8852 --- [rating] [restartedMain] w.s.c.ServletWebServerApplicationContext : Root WebApplicationContext: initialization completed in 2829 ms
2025-05-25T17:52:58.662+07:00  INFO 8852 --- [rating] [restartedMain] o.hibernate.jpa.internal.util.LogHelper  : HHH000204: Processing PersistenceUnitInfo [name: default]
2025-05-25T17:52:58.769+07:00  INFO 8852 --- [rating] [restartedMain] org.hibernate.Version                    : HHH000412: Hibernate ORM core version 6.6.11.Final
2025-05-25T17:52:58.849+07:00  INFO 8852 --- [rating] [restartedMain] o.h.c.internal.RegionFactoryInitiator    : HHH000026: Second-level cache disabled
2025-05-25T17:52:59.545+07:00  INFO 8852 --- [rating] [restartedMain] o.s.o.j.p.SpringPersistenceUnitInfo      : No LoadTimeWeaver setup: ignoring JPA class transformer
2025-05-25T17:52:59.602+07:00  INFO 8852 --- [rating] [restartedMain] com.zaxxer.hikari.HikariDataSource       : HikariPool-1 - Starting...
2025-05-25T17:52:59.862+07:00  INFO 8852 --- [rating] [restartedMain] com.zaxxer.hikari.pool.HikariPool        : HikariPool-1 - Added connection org.postgresql.jdbc.PgConnection@2cb42c0d
2025-05-25T17:52:59.865+07:00  INFO 8852 --- [rating] [restartedMain] com.zaxxer.hikari.HikariDataSource       : HikariPool-1 - Start completed.
2025-05-25T17:52:59.930+07:00  WARN 8852 --- [rating] [restartedMain] org.hibernate.orm.deprecation            : HHH90000025: PostgreSQLDialect does not need to be specified explicitly using 'hibernate.dialect' (remove the property setting and it will be selected by default)
2025-05-25T17:52:59.960+07:00  INFO 8852 --- [rating] [restartedMain] org.hibernate.orm.connections.pooling    : HHH10001005: Database info:
	Database JDBC URL [Connecting through datasource 'HikariDataSource (HikariPool-1)']
	Database driver: undefined/unknown
	Database version: 17.4
	Autocommit mode: undefined/unknown
	Isolation level: undefined/unknown
	Minimum pool size: undefined/unknown
	Maximum pool size: undefined/unknown
2025-05-25T17:53:01.232+07:00  INFO 8852 --- [rating] [restartedMain] o.h.e.t.j.p.i.JtaPlatformInitiator       : HHH000489: No JTA platform available (set 'hibernate.transaction.jta.platform' to enable JTA platform integration)
2025-05-25T17:53:01.296+07:00  INFO 8852 --- [rating] [restartedMain] j.LocalContainerEntityManagerFactoryBean : Initialized JPA EntityManagerFactory for persistence unit 'default'
2025-05-25T17:53:01.758+07:00  WARN 8852 --- [rating] [restartedMain] JpaBaseConfiguration$JpaWebConfiguration : spring.jpa.open-in-view is enabled by default. Therefore, database queries may be performed during view rendering. Explicitly configure spring.jpa.open-in-view to disable this warning
2025-05-25T17:53:02.377+07:00  INFO 8852 --- [rating] [restartedMain] o.s.b.a.e.web.EndpointLinksResolver      : Exposing 2 endpoints beneath base path '/actuator'
2025-05-25T17:53:02.912+07:00  INFO 8852 --- [rating] [restartedMain] o.s.b.a.h2.H2ConsoleAutoConfiguration    : H2 console available at '/h2-console'. Database available at 'jdbc:postgresql://localhost:5432/rating'
2025-05-25T17:53:03.066+07:00  WARN 8852 --- [rating] [restartedMain] o.s.b.d.a.OptionalLiveReloadServer       : Unable to start LiveReload server
2025-05-25T17:53:03.153+07:00  WARN 8852 --- [rating] [restartedMain] ConfigServletWebServerApplicationContext : Exception encountered during context initialization - cancelling refresh attempt: org.springframework.context.ApplicationContextException: Failed to start bean 'webServerStartStop'
2025-05-25T17:53:03.159+07:00  INFO 8852 --- [rating] [restartedMain] j.LocalContainerEntityManagerFactoryBean : Closing JPA EntityManagerFactory for persistence unit 'default'
2025-05-25T17:53:03.164+07:00  INFO 8852 --- [rating] [restartedMain] com.zaxxer.hikari.HikariDataSource       : HikariPool-1 - Shutdown initiated...
2025-05-25T17:53:03.168+07:00  INFO 8852 --- [rating] [restartedMain] com.zaxxer.hikari.HikariDataSource       : HikariPool-1 - Shutdown completed.
2025-05-25T17:53:03.195+07:00  INFO 8852 --- [rating] [restartedMain] .s.b.a.l.ConditionEvaluationReportLogger : 

Error starting ApplicationContext. To display the condition evaluation report re-run your application with 'debug' enabled.
2025-05-25T17:53:03.230+07:00 ERROR 8852 --- [rating] [restartedMain] o.s.b.d.LoggingFailureAnalysisReporter   : 

***************************
APPLICATION FAILED TO START
***************************

Description:

Web server failed to start. Port 8083 was already in use.

Action:

Identify and stop the process that's listening on port 8083 or configure this application to listen on another port.

2025-05-25T18:09:51.075+07:00  INFO 13996 --- [rating] [restartedMain] i.a.u.c.a.rating.RatingApplication       : Starting RatingApplication using Java 21.0.2 with PID 13996 (C:\Users\nisri\OneDrive\Documents\University\Adpro\rating\build\classes\java\main started by nisri in C:\Users\nisri\OneDrive\Documents\University\Adpro\rating)
2025-05-25T18:09:51.078+07:00  INFO 13996 --- [rating] [restartedMain] i.a.u.c.a.rating.RatingApplication       : No active profile set, falling back to 1 default profile: "default"
2025-05-25T18:09:51.142+07:00  INFO 13996 --- [rating] [restartedMain] .e.DevToolsPropertyDefaultsPostProcessor : Devtools property defaults active! Set 'spring.devtools.add-properties' to 'false' to disable
2025-05-25T18:09:51.143+07:00  INFO 13996 --- [rating] [restartedMain] .e.DevToolsPropertyDefaultsPostProcessor : For additional web related logging consider setting the 'logging.level.web' property to 'DEBUG'
2025-05-25T18:09:52.445+07:00  INFO 13996 --- [rating] [restartedMain] .s.d.r.c.RepositoryConfigurationDelegate : Bootstrapping Spring Data JPA repositories in DEFAULT mode.
2025-05-25T18:09:52.522+07:00  INFO 13996 --- [rating] [restartedMain] .s.d.r.c.RepositoryConfigurationDelegate : Finished Spring Data repository scanning in 64 ms. Found 1 JPA repository interface.
2025-05-25T18:09:53.570+07:00  INFO 13996 --- [rating] [restartedMain] o.s.b.w.embedded.tomcat.TomcatWebServer  : Tomcat initialized with port 8083 (http)
2025-05-25T18:09:53.586+07:00  INFO 13996 --- [rating] [restartedMain] o.apache.catalina.core.StandardService   : Starting service [Tomcat]
2025-05-25T18:09:53.587+07:00  INFO 13996 --- [rating] [restartedMain] o.apache.catalina.core.StandardEngine    : Starting Servlet engine: [Apache Tomcat/10.1.39]
2025-05-25T18:09:53.657+07:00  INFO 13996 --- [rating] [restartedMain] o.a.c.c.C.[Tomcat].[localhost].[/]       : Initializing Spring embedded WebApplicationContext
2025-05-25T18:09:53.658+07:00  INFO 13996 --- [rating] [restartedMain] w.s.c.ServletWebServerApplicationContext : Root WebApplicationContext: initialization completed in 2515 ms
2025-05-25T18:09:54.157+07:00  INFO 13996 --- [rating] [restartedMain] o.hibernate.jpa.internal.util.LogHelper  : HHH000204: Processing PersistenceUnitInfo [name: default]
2025-05-25T18:09:54.247+07:00  INFO 13996 --- [rating] [restartedMain] org.hibernate.Version                    : HHH000412: Hibernate ORM core version 6.6.11.Final
2025-05-25T18:09:54.305+07:00  INFO 13996 --- [rating] [restartedMain] o.h.c.internal.RegionFactoryInitiator    : HHH000026: Second-level cache disabled
2025-05-25T18:09:54.683+07:00  INFO 13996 --- [rating] [restartedMain] o.s.o.j.p.SpringPersistenceUnitInfo      : No LoadTimeWeaver setup: ignoring JPA class transformer
2025-05-25T18:09:54.717+07:00  INFO 13996 --- [rating] [restartedMain] com.zaxxer.hikari.HikariDataSource       : HikariPool-1 - Starting...
2025-05-25T18:09:54.919+07:00  INFO 13996 --- [rating] [restartedMain] com.zaxxer.hikari.pool.HikariPool        : HikariPool-1 - Added connection org.postgresql.jdbc.PgConnection@625b816
2025-05-25T18:09:54.922+07:00  INFO 13996 --- [rating] [restartedMain] com.zaxxer.hikari.HikariDataSource       : HikariPool-1 - Start completed.
2025-05-25T18:09:54.969+07:00  WARN 13996 --- [rating] [restartedMain] org.hibernate.orm.deprecation            : HHH90000025: PostgreSQLDialect does not need to be specified explicitly using 'hibernate.dialect' (remove the property setting and it will be selected by default)
2025-05-25T18:09:54.989+07:00  INFO 13996 --- [rating] [restartedMain] org.hibernate.orm.connections.pooling    : HHH10001005: Database info:
	Database JDBC URL [Connecting through datasource 'HikariDataSource (HikariPool-1)']
	Database driver: undefined/unknown
	Database version: 17.4
	Autocommit mode: undefined/unknown
	Isolation level: undefined/unknown
	Minimum pool size: undefined/unknown
	Maximum pool size: undefined/unknown
2025-05-25T18:09:56.055+07:00  INFO 13996 --- [rating] [restartedMain] o.h.e.t.j.p.i.JtaPlatformInitiator       : HHH000489: No JTA platform available (set 'hibernate.transaction.jta.platform' to enable JTA platform integration)
2025-05-25T18:09:56.111+07:00  INFO 13996 --- [rating] [restartedMain] j.LocalContainerEntityManagerFactoryBean : Initialized JPA EntityManagerFactory for persistence unit 'default'
2025-05-25T18:09:56.583+07:00  WARN 13996 --- [rating] [restartedMain] JpaBaseConfiguration$JpaWebConfiguration : spring.jpa.open-in-view is enabled by default. Therefore, database queries may be performed during view rendering. Explicitly configure spring.jpa.open-in-view to disable this warning
2025-05-25T18:09:57.155+07:00  INFO 13996 --- [rating] [restartedMain] o.s.b.a.e.web.EndpointLinksResolver      : Exposing 2 endpoints beneath base path '/actuator'
2025-05-25T18:09:57.649+07:00  INFO 13996 --- [rating] [restartedMain] o.s.b.a.h2.H2ConsoleAutoConfiguration    : H2 console available at '/h2-console'. Database available at 'jdbc:postgresql://localhost:5432/rating'
2025-05-25T18:09:57.766+07:00  INFO 13996 --- [rating] [restartedMain] o.s.b.d.a.OptionalLiveReloadServer       : LiveReload server is running on port 35729
2025-05-25T18:09:57.848+07:00  INFO 13996 --- [rating] [restartedMain] o.s.b.w.embedded.tomcat.TomcatWebServer  : Tomcat started on port 8083 (http) with context path '/'
2025-05-25T18:09:57.862+07:00  INFO 13996 --- [rating] [restartedMain] i.a.u.c.a.rating.RatingApplication       : Started RatingApplication in 7.347 seconds (process running for 7.953)
2025-05-25T18:10:05.665+07:00  INFO 13996 --- [rating] [http-nio-8083-exec-1] o.a.c.c.C.[Tomcat].[localhost].[/]       : Initializing Spring DispatcherServlet 'dispatcherServlet'
2025-05-25T18:10:05.666+07:00  INFO 13996 --- [rating] [http-nio-8083-exec-1] o.s.web.servlet.DispatcherServlet        : Initializing Servlet 'dispatcherServlet'
2025-05-25T18:10:05.667+07:00  INFO 13996 --- [rating] [http-nio-8083-exec-1] o.s.web.servlet.DispatcherServlet        : Completed initialization in 1 ms
2025-05-25T18:25:22.439+07:00  INFO 21300 --- [rating] [restartedMain] i.a.u.c.a.rating.RatingApplication       : Starting RatingApplication using Java 21.0.2 with PID 21300 (C:\Users\nisri\OneDrive\Documents\University\Adpro\rating\build\classes\java\main started by nisri in C:\Users\nisri\OneDrive\Documents\University\Adpro\rating)
2025-05-25T18:25:22.443+07:00  INFO 21300 --- [rating] [restartedMain] i.a.u.c.a.rating.RatingApplication       : No active profile set, falling back to 1 default profile: "default"
2025-05-25T18:25:22.514+07:00  INFO 21300 --- [rating] [restartedMain] .e.DevToolsPropertyDefaultsPostProcessor : Devtools property defaults active! Set 'spring.devtools.add-properties' to 'false' to disable
2025-05-25T18:25:22.515+07:00  INFO 21300 --- [rating] [restartedMain] .e.DevToolsPropertyDefaultsPostProcessor : For additional web related logging consider setting the 'logging.level.web' property to 'DEBUG'
2025-05-25T18:25:24.190+07:00  INFO 21300 --- [rating] [restartedMain] .s.d.r.c.RepositoryConfigurationDelegate : Bootstrapping Spring Data JPA repositories in DEFAULT mode.
2025-05-25T18:25:24.292+07:00  INFO 21300 --- [rating] [restartedMain] .s.d.r.c.RepositoryConfigurationDelegate : Finished Spring Data repository scanning in 87 ms. Found 1 JPA repository interface.
2025-05-25T18:25:25.534+07:00  INFO 21300 --- [rating] [restartedMain] o.s.b.w.embedded.tomcat.TomcatWebServer  : Tomcat initialized with port 8083 (http)
2025-05-25T18:25:25.556+07:00  INFO 21300 --- [rating] [restartedMain] o.apache.catalina.core.StandardService   : Starting service [Tomcat]
2025-05-25T18:25:25.556+07:00  INFO 21300 --- [rating] [restartedMain] o.apache.catalina.core.StandardEngine    : Starting Servlet engine: [Apache Tomcat/10.1.39]
2025-05-25T18:25:25.634+07:00  INFO 21300 --- [rating] [restartedMain] o.a.c.c.C.[Tomcat].[localhost].[/]       : Initializing Spring embedded WebApplicationContext
2025-05-25T18:25:25.635+07:00  INFO 21300 --- [rating] [restartedMain] w.s.c.ServletWebServerApplicationContext : Root WebApplicationContext: initialization completed in 3119 ms
2025-05-25T18:25:26.191+07:00  INFO 21300 --- [rating] [restartedMain] o.hibernate.jpa.internal.util.LogHelper  : HHH000204: Processing PersistenceUnitInfo [name: default]
2025-05-25T18:25:26.306+07:00  INFO 21300 --- [rating] [restartedMain] org.hibernate.Version                    : HHH000412: Hibernate ORM core version 6.6.11.Final
2025-05-25T18:25:26.370+07:00  INFO 21300 --- [rating] [restartedMain] o.h.c.internal.RegionFactoryInitiator    : HHH000026: Second-level cache disabled
2025-05-25T18:25:26.841+07:00  INFO 21300 --- [rating] [restartedMain] o.s.o.j.p.SpringPersistenceUnitInfo      : No LoadTimeWeaver setup: ignoring JPA class transformer
2025-05-25T18:25:26.890+07:00  INFO 21300 --- [rating] [restartedMain] com.zaxxer.hikari.HikariDataSource       : HikariPool-1 - Starting...
2025-05-25T18:25:27.199+07:00  INFO 21300 --- [rating] [restartedMain] com.zaxxer.hikari.pool.HikariPool        : HikariPool-1 - Added connection org.postgresql.jdbc.PgConnection@67f17b68
2025-05-25T18:25:27.203+07:00  INFO 21300 --- [rating] [restartedMain] com.zaxxer.hikari.HikariDataSource       : HikariPool-1 - Start completed.
2025-05-25T18:25:27.294+07:00  WARN 21300 --- [rating] [restartedMain] org.hibernate.orm.deprecation            : HHH90000025: PostgreSQLDialect does not need to be specified explicitly using 'hibernate.dialect' (remove the property setting and it will be selected by default)
2025-05-25T18:25:27.333+07:00  INFO 21300 --- [rating] [restartedMain] org.hibernate.orm.connections.pooling    : HHH10001005: Database info:
	Database JDBC URL [Connecting through datasource 'HikariDataSource (HikariPool-1)']
	Database driver: undefined/unknown
	Database version: 17.4
	Autocommit mode: undefined/unknown
	Isolation level: undefined/unknown
	Minimum pool size: undefined/unknown
	Maximum pool size: undefined/unknown
2025-05-25T18:25:28.727+07:00  INFO 21300 --- [rating] [restartedMain] o.h.e.t.j.p.i.JtaPlatformInitiator       : HHH000489: No JTA platform available (set 'hibernate.transaction.jta.platform' to enable JTA platform integration)
2025-05-25T18:25:28.797+07:00  INFO 21300 --- [rating] [restartedMain] j.LocalContainerEntityManagerFactoryBean : Initialized JPA EntityManagerFactory for persistence unit 'default'
2025-05-25T18:25:29.359+07:00  WARN 21300 --- [rating] [restartedMain] JpaBaseConfiguration$JpaWebConfiguration : spring.jpa.open-in-view is enabled by default. Therefore, database queries may be performed during view rendering. Explicitly configure spring.jpa.open-in-view to disable this warning
2025-05-25T18:25:30.033+07:00  INFO 21300 --- [rating] [restartedMain] o.s.b.a.e.web.EndpointLinksResolver      : Exposing 3 endpoints beneath base path '/actuator'
2025-05-25T18:25:30.623+07:00  INFO 21300 --- [rating] [restartedMain] o.s.b.a.h2.H2ConsoleAutoConfiguration    : H2 console available at '/h2-console'. Database available at 'jdbc:postgresql://localhost:5432/rating'
2025-05-25T18:25:30.756+07:00  INFO 21300 --- [rating] [restartedMain] o.s.b.d.a.OptionalLiveReloadServer       : LiveReload server is running on port 35729
2025-05-25T18:25:30.851+07:00  INFO 21300 --- [rating] [restartedMain] o.s.b.w.embedded.tomcat.TomcatWebServer  : Tomcat started on port 8083 (http) with context path '/'
2025-05-25T18:25:30.866+07:00  INFO 21300 --- [rating] [restartedMain] i.a.u.c.a.rating.RatingApplication       : Started RatingApplication in 9.172 seconds (process running for 10.026)
2025-05-25T18:25:35.004+07:00  INFO 21300 --- [rating] [http-nio-8083-exec-1] o.a.c.c.C.[Tomcat].[localhost].[/]       : Initializing Spring DispatcherServlet 'dispatcherServlet'
2025-05-25T18:25:35.005+07:00  INFO 21300 --- [rating] [http-nio-8083-exec-1] o.s.web.servlet.DispatcherServlet        : Initializing Servlet 'dispatcherServlet'
2025-05-25T18:25:35.007+07:00  INFO 21300 --- [rating] [http-nio-8083-exec-1] o.s.web.servlet.DispatcherServlet        : Completed initialization in 1 ms
2025-05-25T18:31:31.346+07:00  INFO 2408 --- [rating] [restartedMain] i.a.u.c.a.rating.RatingApplication       : Starting RatingApplication using Java 21.0.2 with PID 2408 (C:\Users\nisri\OneDrive\Documents\University\Adpro\rating\build\classes\java\main started by nisri in C:\Users\nisri\OneDrive\Documents\University\Adpro\rating)
2025-05-25T18:31:31.348+07:00  INFO 2408 --- [rating] [restartedMain] i.a.u.c.a.rating.RatingApplication       : No active profile set, falling back to 1 default profile: "default"
2025-05-25T18:31:31.414+07:00  INFO 2408 --- [rating] [restartedMain] .e.DevToolsPropertyDefaultsPostProcessor : Devtools property defaults active! Set 'spring.devtools.add-properties' to 'false' to disable
2025-05-25T18:31:31.415+07:00  INFO 2408 --- [rating] [restartedMain] .e.DevToolsPropertyDefaultsPostProcessor : For additional web related logging consider setting the 'logging.level.web' property to 'DEBUG'
2025-05-25T18:31:32.802+07:00  INFO 2408 --- [rating] [restartedMain] .s.d.r.c.RepositoryConfigurationDelegate : Bootstrapping Spring Data JPA repositories in DEFAULT mode.
2025-05-25T18:31:32.899+07:00  INFO 2408 --- [rating] [restartedMain] .s.d.r.c.RepositoryConfigurationDelegate : Finished Spring Data repository scanning in 84 ms. Found 1 JPA repository interface.
2025-05-25T18:31:34.066+07:00  INFO 2408 --- [rating] [restartedMain] o.s.b.w.embedded.tomcat.TomcatWebServer  : Tomcat initialized with port 8083 (http)
2025-05-25T18:31:34.086+07:00  INFO 2408 --- [rating] [restartedMain] o.apache.catalina.core.StandardService   : Starting service [Tomcat]
2025-05-25T18:31:34.086+07:00  INFO 2408 --- [rating] [restartedMain] o.apache.catalina.core.StandardEngine    : Starting Servlet engine: [Apache Tomcat/10.1.39]
2025-05-25T18:31:34.164+07:00  INFO 2408 --- [rating] [restartedMain] o.a.c.c.C.[Tomcat].[localhost].[/]       : Initializing Spring embedded WebApplicationContext
2025-05-25T18:31:34.166+07:00  INFO 2408 --- [rating] [restartedMain] w.s.c.ServletWebServerApplicationContext : Root WebApplicationContext: initialization completed in 2748 ms
2025-05-25T18:31:34.207+07:00 ERROR 2408 --- [rating] [restartedMain] o.s.b.web.embedded.tomcat.TomcatStarter  : Error starting Tomcat context. Exception: org.springframework.beans.factory.UnsatisfiedDependencyException. Message: Error creating bean with name 'webMvcObservationFilter' defined in class path resource [org/springframework/boot/actuate/autoconfigure/observation/web/servlet/WebMvcObservationAutoConfiguration.class]: Unsatisfied dependency expressed through method 'webMvcObservationFilter' parameter 0: Error creating bean with name 'observationRegistry' defined in class path resource [org/springframework/boot/actuate/autoconfigure/observation/ObservationAutoConfiguration.class]: Error creating bean with name 'defaultMeterObservationHandler' defined in class path resource [org/springframework/boot/actuate/autoconfigure/observation/ObservationAutoConfiguration$MeterObservationHandlerConfiguration$OnlyMetricsMeterObservationHandlerConfiguration.class]: Unsatisfied dependency expressed through method 'defaultMeterObservationHandler' parameter 0: Error creating bean with name 'prometheusMeterRegistry' defined in class path resource [org/springframework/boot/actuate/autoconfigure/metrics/export/prometheus/PrometheusMetricsExportAutoConfiguration.class]: Unsatisfied dependency expressed through method 'prometheusMeterRegistry' parameter 0: Error creating bean with name 'prometheusConfig' defined in class path resource [org/springframework/boot/actuate/autoconfigure/metrics/export/prometheus/PrometheusMetricsExportAutoConfiguration.class]: Unsatisfied dependency expressed through method 'prometheusConfig' parameter 0: Error creating bean with name 'management.prometheus.metrics.export-org.springframework.boot.actuate.autoconfigure.metrics.export.prometheus.PrometheusProperties': Could not bind properties to 'PrometheusProperties' : prefix=management.prometheus.metrics.export, ignoreInvalidFields=false, ignoreUnknownFields=true
2025-05-25T18:31:34.241+07:00  INFO 2408 --- [rating] [restartedMain] o.apache.catalina.core.StandardService   : Stopping service [Tomcat]
2025-05-25T18:31:34.265+07:00  WARN 2408 --- [rating] [restartedMain] ConfigServletWebServerApplicationContext : Exception encountered during context initialization - cancelling refresh attempt: org.springframework.context.ApplicationContextException: Unable to start web server
2025-05-25T18:31:34.280+07:00  INFO 2408 --- [rating] [restartedMain] .s.b.a.l.ConditionEvaluationReportLogger : 

Error starting ApplicationContext. To display the condition evaluation report re-run your application with 'debug' enabled.
2025-05-25T18:31:34.316+07:00 ERROR 2408 --- [rating] [restartedMain] o.s.b.d.LoggingFailureAnalysisReporter   : 

***************************
APPLICATION FAILED TO START
***************************

Description:

Failed to bind properties under 'management.prometheus.metrics.export.enabled' to boolean:

    Property: management.prometheus.metrics.export.enabled
    Value: ""
    Origin: class path resource [application.properties] - 19:0
    Reason: failed to convert java.lang.String to boolean (caused by java.lang.IllegalArgumentException: A null value cannot be assigned to a primitive type)

Action:

Update your application's configuration

2025-05-25T18:32:27.340+07:00  INFO 9224 --- [rating] [Test worker] i.a.u.c.a.rating.RatingApplicationTests  : Starting RatingApplicationTests using Java 21.0.2 with PID 9224 (started by nisri in C:\Users\nisri\OneDrive\Documents\University\Adpro\rating)
2025-05-25T18:32:27.344+07:00  INFO 9224 --- [rating] [Test worker] i.a.u.c.a.rating.RatingApplicationTests  : No active profile set, falling back to 1 default profile: "default"
2025-05-25T18:32:29.571+07:00  INFO 9224 --- [rating] [Test worker] .s.d.r.c.RepositoryConfigurationDelegate : Bootstrapping Spring Data JPA repositories in DEFAULT mode.
2025-05-25T18:32:29.705+07:00  INFO 9224 --- [rating] [Test worker] .s.d.r.c.RepositoryConfigurationDelegate : Finished Spring Data repository scanning in 111 ms. Found 1 JPA repository interface.
2025-05-25T18:32:31.349+07:00  INFO 9224 --- [rating] [Test worker] o.hibernate.jpa.internal.util.LogHelper  : HHH000204: Processing PersistenceUnitInfo [name: default]
2025-05-25T18:32:31.514+07:00  INFO 9224 --- [rating] [Test worker] org.hibernate.Version                    : HHH000412: Hibernate ORM core version 6.6.11.Final
2025-05-25T18:32:31.616+07:00  INFO 9224 --- [rating] [Test worker] o.h.c.internal.RegionFactoryInitiator    : HHH000026: Second-level cache disabled
2025-05-25T18:32:32.393+07:00  INFO 9224 --- [rating] [Test worker] o.s.o.j.p.SpringPersistenceUnitInfo      : No LoadTimeWeaver setup: ignoring JPA class transformer
2025-05-25T18:32:32.467+07:00  INFO 9224 --- [rating] [Test worker] com.zaxxer.hikari.HikariDataSource       : HikariPool-1 - Starting...
2025-05-25T18:32:32.862+07:00  INFO 9224 --- [rating] [Test worker] com.zaxxer.hikari.pool.HikariPool        : HikariPool-1 - Added connection org.postgresql.jdbc.PgConnection@6577771
2025-05-25T18:32:32.867+07:00  INFO 9224 --- [rating] [Test worker] com.zaxxer.hikari.HikariDataSource       : HikariPool-1 - Start completed.
2025-05-25T18:32:32.963+07:00  WARN 9224 --- [rating] [Test worker] org.hibernate.orm.deprecation            : HHH90000025: PostgreSQLDialect does not need to be specified explicitly using 'hibernate.dialect' (remove the property setting and it will be selected by default)
2025-05-25T18:32:33.021+07:00  INFO 9224 --- [rating] [Test worker] org.hibernate.orm.connections.pooling    : HHH10001005: Database info:
	Database JDBC URL [Connecting through datasource 'HikariDataSource (HikariPool-1)']
	Database driver: undefined/unknown
	Database version: 17.4
	Autocommit mode: undefined/unknown
	Isolation level: undefined/unknown
	Minimum pool size: undefined/unknown
	Maximum pool size: undefined/unknown
2025-05-25T18:32:35.103+07:00  INFO 9224 --- [rating] [Test worker] o.h.e.t.j.p.i.JtaPlatformInitiator       : HHH000489: No JTA platform available (set 'hibernate.transaction.jta.platform' to enable JTA platform integration)
2025-05-25T18:32:35.184+07:00  INFO 9224 --- [rating] [Test worker] j.LocalContainerEntityManagerFactoryBean : Initialized JPA EntityManagerFactory for persistence unit 'default'
2025-05-25T18:32:36.137+07:00  WARN 9224 --- [rating] [Test worker] JpaBaseConfiguration$JpaWebConfiguration : spring.jpa.open-in-view is enabled by default. Therefore, database queries may be performed during view rendering. Explicitly configure spring.jpa.open-in-view to disable this warning
2025-05-25T18:32:37.635+07:00  INFO 9224 --- [rating] [Test worker] o.s.b.a.e.web.EndpointLinksResolver      : Exposing 16 endpoints beneath base path '/actuator'
2025-05-25T18:32:39.119+07:00  INFO 9224 --- [rating] [Test worker] i.a.u.c.a.rating.RatingApplicationTests  : Started RatingApplicationTests in 12.662 seconds (process running for 16.681)
2025-05-25T18:32:42.133+07:00  INFO 9224 --- [rating] [Test worker] .b.t.c.SpringBootTestContextBootstrapper : Found @SpringBootConfiguration id.ac.ui.cs.advprog.rating.RatingApplication for test class id.ac.ui.cs.advprog.rating.controller.RatingControllerTest
2025-05-25T18:32:42.238+07:00  INFO 9224 --- [rating] [Test worker] i.a.u.c.a.r.c.RatingControllerTest       : Starting RatingControllerTest using Java 21.0.2 with PID 9224 (started by nisri in C:\Users\nisri\OneDrive\Documents\University\Adpro\rating)
2025-05-25T18:32:42.239+07:00  INFO 9224 --- [rating] [Test worker] i.a.u.c.a.r.c.RatingControllerTest       : No active profile set, falling back to 1 default profile: "default"
2025-05-25T18:32:43.127+07:00  WARN 9224 --- [rating] [Test worker] .s.s.UserDetailsServiceAutoConfiguration : 

Using generated security password: 1c1a82c4-2f55-400c-8c41-b5cfdc978b2f

This generated password is for development use only. Your security configuration must be updated before running your application in production.

2025-05-25T18:32:43.172+07:00  INFO 9224 --- [rating] [Test worker] r$InitializeUserDetailsManagerConfigurer : Global AuthenticationManager configured with UserDetailsService bean with name inMemoryUserDetailsManager
2025-05-25T18:32:43.278+07:00  INFO 9224 --- [rating] [Test worker] o.s.b.t.m.w.SpringBootMockServletContext : Initializing Spring TestDispatcherServlet ''
2025-05-25T18:32:43.279+07:00  INFO 9224 --- [rating] [Test worker] o.s.t.web.servlet.TestDispatcherServlet  : Initializing Servlet ''
2025-05-25T18:32:43.281+07:00  INFO 9224 --- [rating] [Test worker] o.s.t.web.servlet.TestDispatcherServlet  : Completed initialization in 2 ms
2025-05-25T18:32:43.323+07:00  INFO 9224 --- [rating] [Test worker] i.a.u.c.a.r.c.RatingControllerTest       : Started RatingControllerTest in 1.181 seconds (process running for 20.885)
2025-05-25T18:32:44.106+07:00  INFO 9224 --- [rating] [Test worker] t.c.s.AnnotationConfigContextLoaderUtils : Could not detect default configuration classes for test class [id.ac.ui.cs.advprog.rating.repository.RatingRepositoryTest]: RatingRepositoryTest does not declare any static, non-private, non-final, nested classes annotated with @Configuration.
2025-05-25T18:32:44.170+07:00  INFO 9224 --- [rating] [Test worker] .b.t.c.SpringBootTestContextBootstrapper : Found @SpringBootConfiguration id.ac.ui.cs.advprog.rating.RatingApplication for test class id.ac.ui.cs.advprog.rating.repository.RatingRepositoryTest
2025-05-25T18:32:44.236+07:00  INFO 9224 --- [rating] [Test worker] i.a.u.c.a.r.r.RatingRepositoryTest       : Starting RatingRepositoryTest using Java 21.0.2 with PID 9224 (started by nisri in C:\Users\nisri\OneDrive\Documents\University\Adpro\rating)
2025-05-25T18:32:44.237+07:00  INFO 9224 --- [rating] [Test worker] i.a.u.c.a.r.r.RatingRepositoryTest       : No active profile set, falling back to 1 default profile: "default"
2025-05-25T18:32:44.448+07:00  INFO 9224 --- [rating] [Test worker] .s.d.r.c.RepositoryConfigurationDelegate : Bootstrapping Spring Data JPA repositories in DEFAULT mode.
2025-05-25T18:32:44.482+07:00  INFO 9224 --- [rating] [Test worker] .s.d.r.c.RepositoryConfigurationDelegate : Finished Spring Data repository scanning in 29 ms. Found 1 JPA repository interface.
2025-05-25T18:32:44.514+07:00  INFO 9224 --- [rating] [Test worker] beddedDataSourceBeanFactoryPostProcessor : Replacing 'dataSource' DataSource bean with embedded version
2025-05-25T18:32:44.570+07:00  INFO 9224 --- [rating] [Test worker] o.s.j.d.e.EmbeddedDatabaseFactory        : Starting embedded database: url='jdbc:h2:mem:3c023a19-d664-4e27-a4e6-76fc1f7fa210;DB_CLOSE_DELAY=-1;DB_CLOSE_ON_EXIT=false', username='sa'
2025-05-25T18:32:45.380+07:00  INFO 9224 --- [rating] [Test worker] o.hibernate.jpa.internal.util.LogHelper  : HHH000204: Processing PersistenceUnitInfo [name: default]
2025-05-25T18:32:45.391+07:00  INFO 9224 --- [rating] [Test worker] o.h.c.internal.RegionFactoryInitiator    : HHH000026: Second-level cache disabled
2025-05-25T18:32:45.417+07:00  INFO 9224 --- [rating] [Test worker] o.s.o.j.p.SpringPersistenceUnitInfo      : No LoadTimeWeaver setup: ignoring JPA class transformer
2025-05-25T18:32:45.435+07:00  WARN 9224 --- [rating] [Test worker] org.hibernate.dialect.Dialect            : HHH000511: The 2.3.232 version for [org.hibernate.dialect.PostgreSQLDialect] is no longer supported, hence certain features may not work properly. The minimum supported version is 12.0.0. Check the community dialects project for available legacy versions.
2025-05-25T18:32:45.436+07:00  WARN 9224 --- [rating] [Test worker] org.hibernate.orm.deprecation            : HHH90000025: PostgreSQLDialect does not need to be specified explicitly using 'hibernate.dialect' (remove the property setting and it will be selected by default)
2025-05-25T18:32:45.459+07:00  INFO 9224 --- [rating] [Test worker] org.hibernate.orm.connections.pooling    : HHH10001005: Database info:
	Database JDBC URL [Connecting through datasource 'org.springframework.jdbc.datasource.embedded.EmbeddedDatabaseFactory$EmbeddedDataSourceProxy@37051ba3']
	Database driver: undefined/unknown
	Database version: 2.3.232
	Autocommit mode: undefined/unknown
	Isolation level: undefined/unknown
	Minimum pool size: undefined/unknown
	Maximum pool size: undefined/unknown
2025-05-25T18:32:45.614+07:00  INFO 9224 --- [rating] [Test worker] o.h.e.t.j.p.i.JtaPlatformInitiator       : HHH000489: No JTA platform available (set 'hibernate.transaction.jta.platform' to enable JTA platform integration)
2025-05-25T18:32:45.654+07:00  INFO 9224 --- [rating] [Test worker] j.LocalContainerEntityManagerFactoryBean : Initialized JPA EntityManagerFactory for persistence unit 'default'
2025-05-25T18:32:45.764+07:00  INFO 9224 --- [rating] [Test worker] i.a.u.c.a.r.r.RatingRepositoryTest       : Started RatingRepositoryTest in 1.587 seconds (process running for 23.326)
2025-05-25T18:32:46.722+07:00  INFO 9224 --- [rating] [SpringApplicationShutdownHook] j.LocalContainerEntityManagerFactoryBean : Closing JPA EntityManagerFactory for persistence unit 'default'
2025-05-25T18:32:46.726+07:00  INFO 9224 --- [rating] [SpringApplicationShutdownHook] com.zaxxer.hikari.HikariDataSource       : HikariPool-1 - Shutdown initiated...
2025-05-25T18:32:46.740+07:00  INFO 9224 --- [rating] [SpringApplicationShutdownHook] com.zaxxer.hikari.HikariDataSource       : HikariPool-1 - Shutdown completed.
2025-05-25T18:32:46.745+07:00  INFO 9224 --- [rating] [SpringApplicationShutdownHook] j.LocalContainerEntityManagerFactoryBean : Closing JPA EntityManagerFactory for persistence unit 'default'
2025-05-25T18:32:55.039+07:00  INFO 4424 --- [rating] [restartedMain] i.a.u.c.a.rating.RatingApplication       : Starting RatingApplication using Java 21.0.2 with PID 4424 (C:\Users\nisri\OneDrive\Documents\University\Adpro\rating\build\classes\java\main started by nisri in C:\Users\nisri\OneDrive\Documents\University\Adpro\rating)
2025-05-25T18:32:55.041+07:00  INFO 4424 --- [rating] [restartedMain] i.a.u.c.a.rating.RatingApplication       : No active profile set, falling back to 1 default profile: "default"
2025-05-25T18:32:55.105+07:00  INFO 4424 --- [rating] [restartedMain] .e.DevToolsPropertyDefaultsPostProcessor : Devtools property defaults active! Set 'spring.devtools.add-properties' to 'false' to disable
2025-05-25T18:32:55.106+07:00  INFO 4424 --- [rating] [restartedMain] .e.DevToolsPropertyDefaultsPostProcessor : For additional web related logging consider setting the 'logging.level.web' property to 'DEBUG'
2025-05-25T18:32:56.426+07:00  INFO 4424 --- [rating] [restartedMain] .s.d.r.c.RepositoryConfigurationDelegate : Bootstrapping Spring Data JPA repositories in DEFAULT mode.
2025-05-25T18:32:56.506+07:00  INFO 4424 --- [rating] [restartedMain] .s.d.r.c.RepositoryConfigurationDelegate : Finished Spring Data repository scanning in 69 ms. Found 1 JPA repository interface.
2025-05-25T18:32:57.473+07:00  INFO 4424 --- [rating] [restartedMain] o.s.b.w.embedded.tomcat.TomcatWebServer  : Tomcat initialized with port 8083 (http)
2025-05-25T18:32:57.492+07:00  INFO 4424 --- [rating] [restartedMain] o.apache.catalina.core.StandardService   : Starting service [Tomcat]
2025-05-25T18:32:57.492+07:00  INFO 4424 --- [rating] [restartedMain] o.apache.catalina.core.StandardEngine    : Starting Servlet engine: [Apache Tomcat/10.1.39]
2025-05-25T18:32:57.559+07:00  INFO 4424 --- [rating] [restartedMain] o.a.c.c.C.[Tomcat].[localhost].[/]       : Initializing Spring embedded WebApplicationContext
2025-05-25T18:32:57.560+07:00  INFO 4424 --- [rating] [restartedMain] w.s.c.ServletWebServerApplicationContext : Root WebApplicationContext: initialization completed in 2453 ms
2025-05-25T18:32:58.006+07:00  INFO 4424 --- [rating] [restartedMain] o.hibernate.jpa.internal.util.LogHelper  : HHH000204: Processing PersistenceUnitInfo [name: default]
2025-05-25T18:32:58.093+07:00  INFO 4424 --- [rating] [restartedMain] org.hibernate.Version                    : HHH000412: Hibernate ORM core version 6.6.11.Final
2025-05-25T18:32:58.194+07:00  INFO 4424 --- [rating] [restartedMain] o.h.c.internal.RegionFactoryInitiator    : HHH000026: Second-level cache disabled
2025-05-25T18:32:58.591+07:00  INFO 4424 --- [rating] [restartedMain] o.s.o.j.p.SpringPersistenceUnitInfo      : No LoadTimeWeaver setup: ignoring JPA class transformer
2025-05-25T18:32:58.634+07:00  INFO 4424 --- [rating] [restartedMain] com.zaxxer.hikari.HikariDataSource       : HikariPool-1 - Starting...
2025-05-25T18:32:58.836+07:00  INFO 4424 --- [rating] [restartedMain] com.zaxxer.hikari.pool.HikariPool        : HikariPool-1 - Added connection org.postgresql.jdbc.PgConnection@17d3765d
2025-05-25T18:32:58.843+07:00  INFO 4424 --- [rating] [restartedMain] com.zaxxer.hikari.HikariDataSource       : HikariPool-1 - Start completed.
2025-05-25T18:32:58.881+07:00  WARN 4424 --- [rating] [restartedMain] org.hibernate.orm.deprecation            : HHH90000025: PostgreSQLDialect does not need to be specified explicitly using 'hibernate.dialect' (remove the property setting and it will be selected by default)
2025-05-25T18:32:58.904+07:00  INFO 4424 --- [rating] [restartedMain] org.hibernate.orm.connections.pooling    : HHH10001005: Database info:
	Database JDBC URL [Connecting through datasource 'HikariDataSource (HikariPool-1)']
	Database driver: undefined/unknown
	Database version: 17.4
	Autocommit mode: undefined/unknown
	Isolation level: undefined/unknown
	Minimum pool size: undefined/unknown
	Maximum pool size: undefined/unknown
2025-05-25T18:32:59.998+07:00  INFO 4424 --- [rating] [restartedMain] o.h.e.t.j.p.i.JtaPlatformInitiator       : HHH000489: No JTA platform available (set 'hibernate.transaction.jta.platform' to enable JTA platform integration)
2025-05-25T18:33:00.065+07:00  INFO 4424 --- [rating] [restartedMain] j.LocalContainerEntityManagerFactoryBean : Initialized JPA EntityManagerFactory for persistence unit 'default'
2025-05-25T18:33:00.632+07:00  WARN 4424 --- [rating] [restartedMain] JpaBaseConfiguration$JpaWebConfiguration : spring.jpa.open-in-view is enabled by default. Therefore, database queries may be performed during view rendering. Explicitly configure spring.jpa.open-in-view to disable this warning
2025-05-25T18:33:01.469+07:00  INFO 4424 --- [rating] [restartedMain] o.s.b.a.e.web.EndpointLinksResolver      : Exposing 16 endpoints beneath base path '/actuator'
2025-05-25T18:33:02.053+07:00  INFO 4424 --- [rating] [restartedMain] o.s.b.a.h2.H2ConsoleAutoConfiguration    : H2 console available at '/h2-console'. Database available at 'jdbc:postgresql://localhost:5432/rating'
2025-05-25T18:33:02.210+07:00  INFO 4424 --- [rating] [restartedMain] o.s.b.d.a.OptionalLiveReloadServer       : LiveReload server is running on port 35729
2025-05-25T18:33:02.311+07:00  INFO 4424 --- [rating] [restartedMain] o.s.b.w.embedded.tomcat.TomcatWebServer  : Tomcat started on port 8083 (http) with context path '/'
2025-05-25T18:33:02.326+07:00  INFO 4424 --- [rating] [restartedMain] i.a.u.c.a.rating.RatingApplication       : Started RatingApplication in 7.826 seconds (process running for 8.44)
2025-05-25T18:33:04.959+07:00  INFO 4424 --- [rating] [http-nio-8083-exec-1] o.a.c.c.C.[Tomcat].[localhost].[/]       : Initializing Spring DispatcherServlet 'dispatcherServlet'
2025-05-25T18:33:04.959+07:00  INFO 4424 --- [rating] [http-nio-8083-exec-1] o.s.web.servlet.DispatcherServlet        : Initializing Servlet 'dispatcherServlet'
2025-05-25T18:33:04.961+07:00  INFO 4424 --- [rating] [http-nio-8083-exec-1] o.s.web.servlet.DispatcherServlet        : Completed initialization in 2 ms
2025-05-25T18:55:55.638+07:00  INFO 9272 --- [rating] [restartedMain] i.a.u.c.a.rating.RatingApplication       : Starting RatingApplication using Java 21.0.2 with PID 9272 (C:\Users\nisri\OneDrive\Documents\University\Adpro\rating\build\classes\java\main started by nisri in C:\Users\nisri\OneDrive\Documents\University\Adpro\rating)
2025-05-25T18:55:55.640+07:00  INFO 9272 --- [rating] [restartedMain] i.a.u.c.a.rating.RatingApplication       : No active profile set, falling back to 1 default profile: "default"
2025-05-25T18:55:55.705+07:00  INFO 9272 --- [rating] [restartedMain] .e.DevToolsPropertyDefaultsPostProcessor : Devtools property defaults active! Set 'spring.devtools.add-properties' to 'false' to disable
2025-05-25T18:55:55.705+07:00  INFO 9272 --- [rating] [restartedMain] .e.DevToolsPropertyDefaultsPostProcessor : For additional web related logging consider setting the 'logging.level.web' property to 'DEBUG'
2025-05-25T18:55:57.118+07:00  INFO 9272 --- [rating] [restartedMain] .s.d.r.c.RepositoryConfigurationDelegate : Bootstrapping Spring Data JPA repositories in DEFAULT mode.
2025-05-25T18:55:57.203+07:00  INFO 9272 --- [rating] [restartedMain] .s.d.r.c.RepositoryConfigurationDelegate : Finished Spring Data repository scanning in 72 ms. Found 1 JPA repository interface.
2025-05-25T18:55:58.289+07:00  INFO 9272 --- [rating] [restartedMain] o.s.b.w.embedded.tomcat.TomcatWebServer  : Tomcat initialized with port 8083 (http)
2025-05-25T18:55:58.315+07:00  INFO 9272 --- [rating] [restartedMain] o.apache.catalina.core.StandardService   : Starting service [Tomcat]
2025-05-25T18:55:58.316+07:00  INFO 9272 --- [rating] [restartedMain] o.apache.catalina.core.StandardEngine    : Starting Servlet engine: [Apache Tomcat/10.1.39]
2025-05-25T18:55:58.396+07:00  INFO 9272 --- [rating] [restartedMain] o.a.c.c.C.[Tomcat].[localhost].[/]       : Initializing Spring embedded WebApplicationContext
2025-05-25T18:55:58.396+07:00  INFO 9272 --- [rating] [restartedMain] w.s.c.ServletWebServerApplicationContext : Root WebApplicationContext: initialization completed in 2689 ms
2025-05-25T18:55:58.907+07:00  INFO 9272 --- [rating] [restartedMain] o.hibernate.jpa.internal.util.LogHelper  : HHH000204: Processing PersistenceUnitInfo [name: default]
2025-05-25T18:55:59.070+07:00  INFO 9272 --- [rating] [restartedMain] org.hibernate.Version                    : HHH000412: Hibernate ORM core version 6.6.11.Final
2025-05-25T18:55:59.132+07:00  INFO 9272 --- [rating] [restartedMain] o.h.c.internal.RegionFactoryInitiator    : HHH000026: Second-level cache disabled
2025-05-25T18:55:59.615+07:00  INFO 9272 --- [rating] [restartedMain] o.s.o.j.p.SpringPersistenceUnitInfo      : No LoadTimeWeaver setup: ignoring JPA class transformer
2025-05-25T18:55:59.678+07:00  INFO 9272 --- [rating] [restartedMain] com.zaxxer.hikari.HikariDataSource       : HikariPool-1 - Starting...
2025-05-25T18:56:00.059+07:00  INFO 9272 --- [rating] [restartedMain] com.zaxxer.hikari.pool.HikariPool        : HikariPool-1 - Added connection org.postgresql.jdbc.PgConnection@687454af
2025-05-25T18:56:00.062+07:00  INFO 9272 --- [rating] [restartedMain] com.zaxxer.hikari.HikariDataSource       : HikariPool-1 - Start completed.
2025-05-25T18:56:00.123+07:00  WARN 9272 --- [rating] [restartedMain] org.hibernate.orm.deprecation            : HHH90000025: PostgreSQLDialect does not need to be specified explicitly using 'hibernate.dialect' (remove the property setting and it will be selected by default)
2025-05-25T18:56:00.145+07:00  INFO 9272 --- [rating] [restartedMain] org.hibernate.orm.connections.pooling    : HHH10001005: Database info:
	Database JDBC URL [Connecting through datasource 'HikariDataSource (HikariPool-1)']
	Database driver: undefined/unknown
	Database version: 17.4
	Autocommit mode: undefined/unknown
	Isolation level: undefined/unknown
	Minimum pool size: undefined/unknown
	Maximum pool size: undefined/unknown
2025-05-25T18:56:01.538+07:00  INFO 9272 --- [rating] [restartedMain] o.h.e.t.j.p.i.JtaPlatformInitiator       : HHH000489: No JTA platform available (set 'hibernate.transaction.jta.platform' to enable JTA platform integration)
2025-05-25T18:56:01.599+07:00  INFO 9272 --- [rating] [restartedMain] j.LocalContainerEntityManagerFactoryBean : Initialized JPA EntityManagerFactory for persistence unit 'default'
2025-05-25T18:56:02.107+07:00  WARN 9272 --- [rating] [restartedMain] JpaBaseConfiguration$JpaWebConfiguration : spring.jpa.open-in-view is enabled by default. Therefore, database queries may be performed during view rendering. Explicitly configure spring.jpa.open-in-view to disable this warning
2025-05-25T18:56:03.149+07:00  INFO 9272 --- [rating] [restartedMain] o.s.b.a.e.web.EndpointLinksResolver      : Exposing 16 endpoints beneath base path '/actuator'
2025-05-25T18:56:03.967+07:00  INFO 9272 --- [rating] [restartedMain] o.s.b.a.h2.H2ConsoleAutoConfiguration    : H2 console available at '/h2-console'. Database available at 'jdbc:postgresql://localhost:5432/rating'
2025-05-25T18:56:04.150+07:00  WARN 9272 --- [rating] [restartedMain] o.s.b.d.a.OptionalLiveReloadServer       : Unable to start LiveReload server
2025-05-25T18:56:04.250+07:00  WARN 9272 --- [rating] [restartedMain] ConfigServletWebServerApplicationContext : Exception encountered during context initialization - cancelling refresh attempt: org.springframework.context.ApplicationContextException: Failed to start bean 'webServerStartStop'
2025-05-25T18:56:04.254+07:00  INFO 9272 --- [rating] [restartedMain] j.LocalContainerEntityManagerFactoryBean : Closing JPA EntityManagerFactory for persistence unit 'default'
2025-05-25T18:56:04.260+07:00  INFO 9272 --- [rating] [restartedMain] com.zaxxer.hikari.HikariDataSource       : HikariPool-1 - Shutdown initiated...
2025-05-25T18:56:04.268+07:00  INFO 9272 --- [rating] [restartedMain] com.zaxxer.hikari.HikariDataSource       : HikariPool-1 - Shutdown completed.
2025-05-25T18:56:04.298+07:00  INFO 9272 --- [rating] [restartedMain] .s.b.a.l.ConditionEvaluationReportLogger : 

Error starting ApplicationContext. To display the condition evaluation report re-run your application with 'debug' enabled.
2025-05-25T18:56:04.350+07:00 ERROR 9272 --- [rating] [restartedMain] o.s.b.d.LoggingFailureAnalysisReporter   : 

***************************
APPLICATION FAILED TO START
***************************

Description:

Web server failed to start. Port 8083 was already in use.

Action:

Identify and stop the process that's listening on port 8083 or configure this application to listen on another port.

2025-05-26T12:50:45.925+07:00  INFO 18916 --- [rating] [Test worker] i.a.u.c.a.rating.RatingApplicationTests  : Starting RatingApplicationTests using Java 21.0.2 with PID 18916 (started by nisri in C:\Users\nisri\OneDrive\Documents\University\Adpro\rating)
2025-05-26T12:50:45.930+07:00  INFO 18916 --- [rating] [Test worker] i.a.u.c.a.rating.RatingApplicationTests  : No active profile set, falling back to 1 default profile: "default"
2025-05-26T12:50:49.900+07:00  INFO 18916 --- [rating] [Test worker] .s.d.r.c.RepositoryConfigurationDelegate : Bootstrapping Spring Data JPA repositories in DEFAULT mode.
2025-05-26T12:50:50.159+07:00  INFO 18916 --- [rating] [Test worker] .s.d.r.c.RepositoryConfigurationDelegate : Finished Spring Data repository scanning in 211 ms. Found 1 JPA repository interface.
2025-05-26T12:50:53.450+07:00  INFO 18916 --- [rating] [Test worker] o.hibernate.jpa.internal.util.LogHelper  : HHH000204: Processing PersistenceUnitInfo [name: default]
2025-05-26T12:50:53.928+07:00  INFO 18916 --- [rating] [Test worker] org.hibernate.Version                    : HHH000412: Hibernate ORM core version 6.6.11.Final
2025-05-26T12:50:54.153+07:00  INFO 18916 --- [rating] [Test worker] o.h.c.internal.RegionFactoryInitiator    : HHH000026: Second-level cache disabled
2025-05-26T12:50:55.684+07:00  INFO 18916 --- [rating] [Test worker] o.s.o.j.p.SpringPersistenceUnitInfo      : No LoadTimeWeaver setup: ignoring JPA class transformer
2025-05-26T12:50:55.850+07:00  INFO 18916 --- [rating] [Test worker] com.zaxxer.hikari.HikariDataSource       : HikariPool-1 - Starting...
2025-05-26T12:50:56.740+07:00  INFO 18916 --- [rating] [Test worker] com.zaxxer.hikari.pool.HikariPool        : HikariPool-1 - Added connection org.postgresql.jdbc.PgConnection@2229079d
2025-05-26T12:50:56.748+07:00  INFO 18916 --- [rating] [Test worker] com.zaxxer.hikari.HikariDataSource       : HikariPool-1 - Start completed.
2025-05-26T12:50:56.950+07:00  WARN 18916 --- [rating] [Test worker] org.hibernate.orm.deprecation            : HHH90000025: PostgreSQLDialect does not need to be specified explicitly using 'hibernate.dialect' (remove the property setting and it will be selected by default)
2025-05-26T12:50:57.043+07:00  INFO 18916 --- [rating] [Test worker] org.hibernate.orm.connections.pooling    : HHH10001005: Database info:
	Database JDBC URL [Connecting through datasource 'HikariDataSource (HikariPool-1)']
	Database driver: undefined/unknown
	Database version: 17.4
	Autocommit mode: undefined/unknown
	Isolation level: undefined/unknown
	Minimum pool size: undefined/unknown
	Maximum pool size: undefined/unknown
2025-05-26T12:51:01.204+07:00  INFO 18916 --- [rating] [Test worker] o.h.e.t.j.p.i.JtaPlatformInitiator       : HHH000489: No JTA platform available (set 'hibernate.transaction.jta.platform' to enable JTA platform integration)
2025-05-26T12:51:01.381+07:00  INFO 18916 --- [rating] [Test worker] j.LocalContainerEntityManagerFactoryBean : Initialized JPA EntityManagerFactory for persistence unit 'default'
2025-05-26T12:51:03.274+07:00  WARN 18916 --- [rating] [Test worker] JpaBaseConfiguration$JpaWebConfiguration : spring.jpa.open-in-view is enabled by default. Therefore, database queries may be performed during view rendering. Explicitly configure spring.jpa.open-in-view to disable this warning
2025-05-26T12:51:06.053+07:00  INFO 18916 --- [rating] [Test worker] o.s.b.a.e.web.EndpointLinksResolver      : Exposing 16 endpoints beneath base path '/actuator'
2025-05-26T12:51:08.219+07:00  INFO 18916 --- [rating] [Test worker] i.a.u.c.a.rating.RatingApplicationTests  : Started RatingApplicationTests in 23.439 seconds (process running for 29.899)
2025-05-26T12:51:13.325+07:00  INFO 18916 --- [rating] [Test worker] .b.t.c.SpringBootTestContextBootstrapper : Found @SpringBootConfiguration id.ac.ui.cs.advprog.rating.RatingApplication for test class id.ac.ui.cs.advprog.rating.controller.RatingControllerTest
2025-05-26T12:51:13.500+07:00  INFO 18916 --- [rating] [Test worker] i.a.u.c.a.r.c.RatingControllerTest       : Starting RatingControllerTest using Java 21.0.2 with PID 18916 (started by nisri in C:\Users\nisri\OneDrive\Documents\University\Adpro\rating)
2025-05-26T12:51:13.500+07:00  INFO 18916 --- [rating] [Test worker] i.a.u.c.a.r.c.RatingControllerTest       : No active profile set, falling back to 1 default profile: "default"
2025-05-26T12:51:14.946+07:00  WARN 18916 --- [rating] [Test worker] .s.s.UserDetailsServiceAutoConfiguration : 

Using generated security password: 10848a94-c908-4107-a35c-002a5f01454b

This generated password is for development use only. Your security configuration must be updated before running your application in production.

2025-05-26T12:51:15.048+07:00  INFO 18916 --- [rating] [Test worker] r$InitializeUserDetailsManagerConfigurer : Global AuthenticationManager configured with UserDetailsService bean with name inMemoryUserDetailsManager
2025-05-26T12:51:15.309+07:00  INFO 18916 --- [rating] [Test worker] o.s.b.t.m.w.SpringBootMockServletContext : Initializing Spring TestDispatcherServlet ''
2025-05-26T12:51:15.310+07:00  INFO 18916 --- [rating] [Test worker] o.s.t.web.servlet.TestDispatcherServlet  : Initializing Servlet ''
2025-05-26T12:51:15.315+07:00  INFO 18916 --- [rating] [Test worker] o.s.t.web.servlet.TestDispatcherServlet  : Completed initialization in 5 ms
2025-05-26T12:51:15.373+07:00  INFO 18916 --- [rating] [Test worker] i.a.u.c.a.r.c.RatingControllerTest       : Started RatingControllerTest in 2.032 seconds (process running for 37.053)
2025-05-26T12:51:16.411+07:00  INFO 18916 --- [rating] [Test worker] t.c.s.AnnotationConfigContextLoaderUtils : Could not detect default configuration classes for test class [id.ac.ui.cs.advprog.rating.repository.RatingRepositoryTest]: RatingRepositoryTest does not declare any static, non-private, non-final, nested classes annotated with @Configuration.
2025-05-26T12:51:16.499+07:00  INFO 18916 --- [rating] [Test worker] .b.t.c.SpringBootTestContextBootstrapper : Found @SpringBootConfiguration id.ac.ui.cs.advprog.rating.RatingApplication for test class id.ac.ui.cs.advprog.rating.repository.RatingRepositoryTest
2025-05-26T12:51:16.608+07:00  INFO 18916 --- [rating] [Test worker] i.a.u.c.a.r.r.RatingRepositoryTest       : Starting RatingRepositoryTest using Java 21.0.2 with PID 18916 (started by nisri in C:\Users\nisri\OneDrive\Documents\University\Adpro\rating)
2025-05-26T12:51:16.609+07:00  INFO 18916 --- [rating] [Test worker] i.a.u.c.a.r.r.RatingRepositoryTest       : No active profile set, falling back to 1 default profile: "default"
2025-05-26T12:51:16.929+07:00  INFO 18916 --- [rating] [Test worker] .s.d.r.c.RepositoryConfigurationDelegate : Bootstrapping Spring Data JPA repositories in DEFAULT mode.
2025-05-26T12:51:16.988+07:00  INFO 18916 --- [rating] [Test worker] .s.d.r.c.RepositoryConfigurationDelegate : Finished Spring Data repository scanning in 52 ms. Found 1 JPA repository interface.
2025-05-26T12:51:17.040+07:00  INFO 18916 --- [rating] [Test worker] beddedDataSourceBeanFactoryPostProcessor : Replacing 'dataSource' DataSource bean with embedded version
2025-05-26T12:51:17.171+07:00  INFO 18916 --- [rating] [Test worker] o.s.j.d.e.EmbeddedDatabaseFactory        : Starting embedded database: url='jdbc:h2:mem:e4ebe014-0699-4987-bd59-dc2fb954c72a;DB_CLOSE_DELAY=-1;DB_CLOSE_ON_EXIT=false', username='sa'
2025-05-26T12:51:18.542+07:00  INFO 18916 --- [rating] [Test worker] o.hibernate.jpa.internal.util.LogHelper  : HHH000204: Processing PersistenceUnitInfo [name: default]
2025-05-26T12:51:18.566+07:00  INFO 18916 --- [rating] [Test worker] o.h.c.internal.RegionFactoryInitiator    : HHH000026: Second-level cache disabled
2025-05-26T12:51:18.601+07:00  INFO 18916 --- [rating] [Test worker] o.s.o.j.p.SpringPersistenceUnitInfo      : No LoadTimeWeaver setup: ignoring JPA class transformer
2025-05-26T12:51:18.629+07:00  WARN 18916 --- [rating] [Test worker] org.hibernate.dialect.Dialect            : HHH000511: The 2.3.232 version for [org.hibernate.dialect.PostgreSQLDialect] is no longer supported, hence certain features may not work properly. The minimum supported version is 12.0.0. Check the community dialects project for available legacy versions.
2025-05-26T12:51:18.630+07:00  WARN 18916 --- [rating] [Test worker] org.hibernate.orm.deprecation            : HHH90000025: PostgreSQLDialect does not need to be specified explicitly using 'hibernate.dialect' (remove the property setting and it will be selected by default)
2025-05-26T12:51:18.664+07:00  INFO 18916 --- [rating] [Test worker] org.hibernate.orm.connections.pooling    : HHH10001005: Database info:
	Database JDBC URL [Connecting through datasource 'org.springframework.jdbc.datasource.embedded.EmbeddedDatabaseFactory$EmbeddedDataSourceProxy@5816ac62']
	Database driver: undefined/unknown
	Database version: 2.3.232
	Autocommit mode: undefined/unknown
	Isolation level: undefined/unknown
	Minimum pool size: undefined/unknown
	Maximum pool size: undefined/unknown
2025-05-26T12:51:18.940+07:00  INFO 18916 --- [rating] [Test worker] o.h.e.t.j.p.i.JtaPlatformInitiator       : HHH000489: No JTA platform available (set 'hibernate.transaction.jta.platform' to enable JTA platform integration)
2025-05-26T12:51:19.003+07:00  INFO 18916 --- [rating] [Test worker] j.LocalContainerEntityManagerFactoryBean : Initialized JPA EntityManagerFactory for persistence unit 'default'
2025-05-26T12:51:19.133+07:00  INFO 18916 --- [rating] [Test worker] i.a.u.c.a.r.r.RatingRepositoryTest       : Started RatingRepositoryTest in 2.617 seconds (process running for 40.813)
2025-05-26T12:51:20.586+07:00  INFO 18916 --- [rating] [SpringApplicationShutdownHook] j.LocalContainerEntityManagerFactoryBean : Closing JPA EntityManagerFactory for persistence unit 'default'
2025-05-26T12:51:20.593+07:00  INFO 18916 --- [rating] [SpringApplicationShutdownHook] com.zaxxer.hikari.HikariDataSource       : HikariPool-1 - Shutdown initiated...
2025-05-26T12:51:20.609+07:00  INFO 18916 --- [rating] [SpringApplicationShutdownHook] com.zaxxer.hikari.HikariDataSource       : HikariPool-1 - Shutdown completed.
2025-05-26T12:51:20.614+07:00  INFO 18916 --- [rating] [SpringApplicationShutdownHook] j.LocalContainerEntityManagerFactoryBean : Closing JPA EntityManagerFactory for persistence unit 'default'
2025-05-26T12:58:15.257+07:00  INFO 17164 --- [rating] [Test worker] i.a.u.c.a.rating.RatingApplicationTests  : Starting RatingApplicationTests using Java 21.0.2 with PID 17164 (started by nisri in C:\Users\nisri\OneDrive\Documents\University\Adpro\rating)
2025-05-26T12:58:15.261+07:00  INFO 17164 --- [rating] [Test worker] i.a.u.c.a.rating.RatingApplicationTests  : No active profile set, falling back to 1 default profile: "default"
2025-05-26T12:58:18.811+07:00  INFO 17164 --- [rating] [Test worker] .s.d.r.c.RepositoryConfigurationDelegate : Bootstrapping Spring Data JPA repositories in DEFAULT mode.
2025-05-26T12:58:19.123+07:00  INFO 17164 --- [rating] [Test worker] .s.d.r.c.RepositoryConfigurationDelegate : Finished Spring Data repository scanning in 262 ms. Found 1 JPA repository interface.
2025-05-26T12:58:22.543+07:00  INFO 17164 --- [rating] [Test worker] o.hibernate.jpa.internal.util.LogHelper  : HHH000204: Processing PersistenceUnitInfo [name: default]
2025-05-26T12:58:22.831+07:00  INFO 17164 --- [rating] [Test worker] org.hibernate.Version                    : HHH000412: Hibernate ORM core version 6.6.11.Final
2025-05-26T12:58:23.000+07:00  INFO 17164 --- [rating] [Test worker] o.h.c.internal.RegionFactoryInitiator    : HHH000026: Second-level cache disabled
2025-05-26T12:58:24.654+07:00  INFO 17164 --- [rating] [Test worker] o.s.o.j.p.SpringPersistenceUnitInfo      : No LoadTimeWeaver setup: ignoring JPA class transformer
2025-05-26T12:58:24.810+07:00  INFO 17164 --- [rating] [Test worker] com.zaxxer.hikari.HikariDataSource       : HikariPool-1 - Starting...
2025-05-26T12:58:25.553+07:00  INFO 17164 --- [rating] [Test worker] com.zaxxer.hikari.pool.HikariPool        : HikariPool-1 - Added connection org.postgresql.jdbc.PgConnection@42bfc11f
2025-05-26T12:58:25.560+07:00  INFO 17164 --- [rating] [Test worker] com.zaxxer.hikari.HikariDataSource       : HikariPool-1 - Start completed.
2025-05-26T12:58:25.725+07:00  WARN 17164 --- [rating] [Test worker] org.hibernate.orm.deprecation            : HHH90000025: PostgreSQLDialect does not need to be specified explicitly using 'hibernate.dialect' (remove the property setting and it will be selected by default)
2025-05-26T12:58:25.820+07:00  INFO 17164 --- [rating] [Test worker] org.hibernate.orm.connections.pooling    : HHH10001005: Database info:
	Database JDBC URL [Connecting through datasource 'HikariDataSource (HikariPool-1)']
	Database driver: undefined/unknown
	Database version: 17.4
	Autocommit mode: undefined/unknown
	Isolation level: undefined/unknown
	Minimum pool size: undefined/unknown
	Maximum pool size: undefined/unknown
2025-05-26T12:58:30.731+07:00  INFO 17164 --- [rating] [Test worker] o.h.e.t.j.p.i.JtaPlatformInitiator       : HHH000489: No JTA platform available (set 'hibernate.transaction.jta.platform' to enable JTA platform integration)
2025-05-26T12:58:30.925+07:00  INFO 17164 --- [rating] [Test worker] j.LocalContainerEntityManagerFactoryBean : Initialized JPA EntityManagerFactory for persistence unit 'default'
2025-05-26T12:58:33.472+07:00  WARN 17164 --- [rating] [Test worker] JpaBaseConfiguration$JpaWebConfiguration : spring.jpa.open-in-view is enabled by default. Therefore, database queries may be performed during view rendering. Explicitly configure spring.jpa.open-in-view to disable this warning
2025-05-26T12:58:36.508+07:00  INFO 17164 --- [rating] [Test worker] o.s.b.a.e.web.EndpointLinksResolver      : Exposing 16 endpoints beneath base path '/actuator'
2025-05-26T12:58:39.252+07:00  INFO 17164 --- [rating] [Test worker] i.a.u.c.a.rating.RatingApplicationTests  : Started RatingApplicationTests in 25.412 seconds (process running for 30.458)
2025-05-26T12:58:44.837+07:00  INFO 17164 --- [rating] [Test worker] .b.t.c.SpringBootTestContextBootstrapper : Found @SpringBootConfiguration id.ac.ui.cs.advprog.rating.RatingApplication for test class id.ac.ui.cs.advprog.rating.controller.RatingControllerTest
2025-05-26T12:58:45.046+07:00  INFO 17164 --- [rating] [Test worker] i.a.u.c.a.r.c.RatingControllerTest       : Starting RatingControllerTest using Java 21.0.2 with PID 17164 (started by nisri in C:\Users\nisri\OneDrive\Documents\University\Adpro\rating)
2025-05-26T12:58:45.046+07:00  INFO 17164 --- [rating] [Test worker] i.a.u.c.a.r.c.RatingControllerTest       : No active profile set, falling back to 1 default profile: "default"
2025-05-26T12:58:46.600+07:00  WARN 17164 --- [rating] [Test worker] .s.s.UserDetailsServiceAutoConfiguration : 

Using generated security password: 932efd34-f336-4698-8c8c-2312f3000962

This generated password is for development use only. Your security configuration must be updated before running your application in production.

2025-05-26T12:58:46.673+07:00  INFO 17164 --- [rating] [Test worker] r$InitializeUserDetailsManagerConfigurer : Global AuthenticationManager configured with UserDetailsService bean with name inMemoryUserDetailsManager
2025-05-26T12:58:46.838+07:00  INFO 17164 --- [rating] [Test worker] o.s.b.t.m.w.SpringBootMockServletContext : Initializing Spring TestDispatcherServlet ''
2025-05-26T12:58:46.843+07:00  INFO 17164 --- [rating] [Test worker] o.s.t.web.servlet.TestDispatcherServlet  : Initializing Servlet ''
2025-05-26T12:58:46.846+07:00  INFO 17164 --- [rating] [Test worker] o.s.t.web.servlet.TestDispatcherServlet  : Completed initialization in 0 ms
2025-05-26T12:58:46.916+07:00  INFO 17164 --- [rating] [Test worker] i.a.u.c.a.r.c.RatingControllerTest       : Started RatingControllerTest in 2.063 seconds (process running for 38.124)
2025-05-26T12:58:48.153+07:00  INFO 17164 --- [rating] [Test worker] t.c.s.AnnotationConfigContextLoaderUtils : Could not detect default configuration classes for test class [id.ac.ui.cs.advprog.rating.repository.RatingRepositoryTest]: RatingRepositoryTest does not declare any static, non-private, non-final, nested classes annotated with @Configuration.
2025-05-26T12:58:48.294+07:00  INFO 17164 --- [rating] [Test worker] .b.t.c.SpringBootTestContextBootstrapper : Found @SpringBootConfiguration id.ac.ui.cs.advprog.rating.RatingApplication for test class id.ac.ui.cs.advprog.rating.repository.RatingRepositoryTest
2025-05-26T12:58:48.413+07:00  INFO 17164 --- [rating] [Test worker] i.a.u.c.a.r.r.RatingRepositoryTest       : Starting RatingRepositoryTest using Java 21.0.2 with PID 17164 (started by nisri in C:\Users\nisri\OneDrive\Documents\University\Adpro\rating)
2025-05-26T12:58:48.415+07:00  INFO 17164 --- [rating] [Test worker] i.a.u.c.a.r.r.RatingRepositoryTest       : No active profile set, falling back to 1 default profile: "default"
2025-05-26T12:58:48.866+07:00  INFO 17164 --- [rating] [Test worker] .s.d.r.c.RepositoryConfigurationDelegate : Bootstrapping Spring Data JPA repositories in DEFAULT mode.
2025-05-26T12:58:48.971+07:00  INFO 17164 --- [rating] [Test worker] .s.d.r.c.RepositoryConfigurationDelegate : Finished Spring Data repository scanning in 98 ms. Found 1 JPA repository interface.
2025-05-26T12:58:49.479+07:00  INFO 17164 --- [rating] [Test worker] beddedDataSourceBeanFactoryPostProcessor : Replacing 'dataSource' DataSource bean with embedded version
2025-05-26T12:58:49.700+07:00  INFO 17164 --- [rating] [Test worker] o.s.j.d.e.EmbeddedDatabaseFactory        : Starting embedded database: url='jdbc:h2:mem:2c7aac32-0d0f-41f1-bdc1-52e4489dd104;DB_CLOSE_DELAY=-1;DB_CLOSE_ON_EXIT=false', username='sa'
2025-05-26T12:58:51.736+07:00  INFO 17164 --- [rating] [Test worker] o.hibernate.jpa.internal.util.LogHelper  : HHH000204: Processing PersistenceUnitInfo [name: default]
2025-05-26T12:58:51.758+07:00  INFO 17164 --- [rating] [Test worker] o.h.c.internal.RegionFactoryInitiator    : HHH000026: Second-level cache disabled
2025-05-26T12:58:51.901+07:00  INFO 17164 --- [rating] [Test worker] o.s.o.j.p.SpringPersistenceUnitInfo      : No LoadTimeWeaver setup: ignoring JPA class transformer
2025-05-26T12:58:51.937+07:00  WARN 17164 --- [rating] [Test worker] org.hibernate.dialect.Dialect            : HHH000511: The 2.3.232 version for [org.hibernate.dialect.PostgreSQLDialect] is no longer supported, hence certain features may not work properly. The minimum supported version is 12.0.0. Check the community dialects project for available legacy versions.
2025-05-26T12:58:51.938+07:00  WARN 17164 --- [rating] [Test worker] org.hibernate.orm.deprecation            : HHH90000025: PostgreSQLDialect does not need to be specified explicitly using 'hibernate.dialect' (remove the property setting and it will be selected by default)
2025-05-26T12:58:51.991+07:00  INFO 17164 --- [rating] [Test worker] org.hibernate.orm.connections.pooling    : HHH10001005: Database info:
	Database JDBC URL [Connecting through datasource 'org.springframework.jdbc.datasource.embedded.EmbeddedDatabaseFactory$EmbeddedDataSourceProxy@6839e33f']
	Database driver: undefined/unknown
	Database version: 2.3.232
	Autocommit mode: undefined/unknown
	Isolation level: undefined/unknown
	Minimum pool size: undefined/unknown
	Maximum pool size: undefined/unknown
2025-05-26T12:58:52.383+07:00  INFO 17164 --- [rating] [Test worker] o.h.e.t.j.p.i.JtaPlatformInitiator       : HHH000489: No JTA platform available (set 'hibernate.transaction.jta.platform' to enable JTA platform integration)
2025-05-26T12:58:52.458+07:00  INFO 17164 --- [rating] [Test worker] j.LocalContainerEntityManagerFactoryBean : Initialized JPA EntityManagerFactory for persistence unit 'default'
2025-05-26T12:58:52.613+07:00  INFO 17164 --- [rating] [Test worker] i.a.u.c.a.r.r.RatingRepositoryTest       : Started RatingRepositoryTest in 4.31 seconds (process running for 43.82)
2025-05-26T12:58:54.367+07:00  INFO 17164 --- [rating] [SpringApplicationShutdownHook] j.LocalContainerEntityManagerFactoryBean : Closing JPA EntityManagerFactory for persistence unit 'default'
2025-05-26T12:58:54.377+07:00  INFO 17164 --- [rating] [SpringApplicationShutdownHook] com.zaxxer.hikari.HikariDataSource       : HikariPool-1 - Shutdown initiated...
2025-05-26T12:58:54.399+07:00  INFO 17164 --- [rating] [SpringApplicationShutdownHook] com.zaxxer.hikari.HikariDataSource       : HikariPool-1 - Shutdown completed.
2025-05-26T12:58:54.418+07:00  INFO 17164 --- [rating] [SpringApplicationShutdownHook] j.LocalContainerEntityManagerFactoryBean : Closing JPA EntityManagerFactory for persistence unit 'default'
